[debug] > Exec(early(addDefaultCommands), None, None)
[debug] > Exec(addDefaultCommands, None, None)
[debug] > Exec(early(initialize), None, None)
[debug] > Exec(initialize, None, None)
[debug] > Exec(boot, None, None)
[debug] > Exec(writeSbtVersion, None, None)
[debug] > Exec(reload, None, None)
[debug] > Exec(sbtStashOnFailure, None, None)
[debug] > Exec(onFailure loadFailed, None, None)
[debug] > Exec(loadp, None, None)
[info] welcome to sbt 1.4.7 (Oracle Corporation Java 16.0.1)
[debug] Load.defaultLoad until apply took 865.3682ms
[debug]           Load.loadUnit: plugins took 135.0537ms
[debug]           Load.loadUnit: defsScala took 0.4849ms
[debug] [Loading] Scanning directory C:\Users\admin\Desktop\BackScala\URLshortener\project
[debug]             Load.loadUnit: mkEval took 8.6018ms
[debug] [Loading] Found non-root projects 
[debug] [Loading] Done in C:\Users\admin\Desktop\BackScala\URLshortener\project, returning: ()
[debug] deducing auto plugins based on known facts Set(Atom(sbt.plugins.CorePlugin)) and clauses Clauses(List(Clause(Atom(sbt.plugins.JvmPlugin),Set(Atom(sbt.plugins.IvyPlugin))), Clause(Atom(sbt.ScriptedPlugin),Set(Atom(sbt.plugins.JvmPlugin))), Clause(Atom(sbt.plugins.SbtPlugin),Set(Atom(sbt.ScriptedPlugin))), Clause(Atom(sbt.plugins.SemanticdbPlugin),Set(Atom(sbt.plugins.JvmPlugin))), Clause(Atom(sbt.plugins.JUnitXmlReportPlugin),Set(Atom(sbt.plugins.JvmPlugin))), Clause(Atom(sbt.plugins.MiniDependencyTreePlugin),Set(Atom(sbt.plugins.JvmPlugin))), Clause(Atom(sbt.plugins.CorePlugin),Set(Atom(sbt.plugins.IvyPlugin))), Clause(Atom(sbt.plugins.IvyPlugin),Set(Atom(sbt.plugins.JvmPlugin))), Clause(Atom(sbt.plugins.JvmPlugin),Set(Atom(sbt.plugins.SemanticdbPlugin))), Clause(Atom(sbt.plugins.JvmPlugin),Set(Atom(sbt.plugins.JUnitXmlReportPlugin))), Clause(Atom(sbt.plugins.CorePlugin),Set(Atom(sbt.plugins.Giter8TemplatePlugin))), Clause(Atom(sbt.plugins.JvmPlugin),Set(Atom(sbt.plugins.MiniDependencyTreePlugin)))))
[debug]   :: deduced result: Matched(sbt.plugins.CorePlugin,sbt.plugins.Giter8TemplatePlugin,sbt.plugins.IvyPlugin,sbt.plugins.JvmPlugin,sbt.plugins.MiniDependencyTreePlugin,sbt.plugins.JUnitXmlReportPlugin,sbt.plugins.SemanticdbPlugin)
[debug] Plugins.deducer#function took 22.9506 ms
[info] loading settings for project urlshortener-build from plugins.sbt ...
[debug]               Load.resolveProject(urlshortener-build) took 59.0394ms
[debug]             Load.loadTransitive: finalizeProject(Project(id urlshortener-build, base: C:\Users\admin\Desktop\BackScala\URLshortener\project, plugins: List(<none>))) took 98.7986ms
[debug] [Loading] Done in C:\Users\admin\Desktop\BackScala\URLshortener\project, returning: (urlshortener-build)
[debug]           Load.loadUnit: loadedProjectsRaw took 2879.316ms
[debug]           Load.loadUnit: cleanEvalClasses took 144.6483ms
[debug]         Load.loadUnit(file:/C:/Users/admin/Desktop/BackScala/URLshortener/project/, ...) took 3167.2387ms
[debug]       Load.apply: load took 3324.7858ms
[debug]       Load.apply: resolveProjects took 5.3601ms
[debug]       Load.apply: finalTransforms took 114.7767ms
[debug]       Load.apply: config.delegates took 12.8557ms
[debug]       Load.apply: Def.make(settings)... took 640.819ms
[debug]       Load.apply: structureIndex took 126.4808ms
[debug]       Load.apply: mkStreams took 2.693ms
[info] loading project definition from C:\Users\admin\Desktop\BackScala\URLshortener\project
[debug] Running task... Cancel: Signal, check cycles: false, forcegc: true
